<?xml version="1.0" encoding="UTF-8"?>
<robot generator="Robot 3.2.2 (Python 3.7.9 on win32)" generated="20210302 21:14:40.519" rpa="false">
<suite id="s1" name="Aacc" source="C:\Users\NGUYENHUY\Documents\Projects\aacc">
<suite id="s1-s1" name="Test Suites" source="C:\Users\NGUYENHUY\Documents\Projects\aacc\test_suites">
<suite id="s1-s1-s1" name="Oanh" source="C:\Users\NGUYENHUY\Documents\Projects\aacc\test_suites\oanh">
<suite id="s1-s1-s1-s1" name="Huy" source="C:\Users\NGUYENHUY\Documents\Projects\aacc\test_suites\oanh\huy.robot">
<test id="s1-s1-s1-s1-t1" name="Test 1">
<kw name="Log To Console" library="BuiltIn">
<doc>Logs the given message to the console.</doc>
<arguments>
<arg>Hello</arg>
</arguments>
<errors>
<msg timestamp="20210302 21:15:00.666" level="ERROR">Execution stopped by user.</msg>
</errors>
</robot>
