<?xml version="1.0" encoding="UTF-8"?>
<robot generator="Robot 3.2.2 (Python 3.7.5 on win32)" generated="20210226 11:15:44.086" rpa="false">
<suite id="s1" name="Huy &amp; Huy">
<suite id="s1-s1" name="Huy" source="D:\aacc\test_suites\oanh\huy.robot">
<test id="s1-s1-t1" name="Test 1">
<kw name="Log To Console" library="BuiltIn">
<doc>Logs the given message to the console.</doc>
<arguments>
<arg>Hello</arg>
</arguments>
<status status="PASS" starttime="20210226 11:15:45.843" endtime="20210226 11:15:45.844"></status>
</kw>
<kw name="Log To Console" library="BuiltIn">
<doc>Logs the given message to the console.</doc>
<arguments>
<arg>Hi</arg>
</arguments>
<status status="PASS" starttime="20210226 11:15:45.844" endtime="20210226 11:15:45.844"></status>
</kw>
<status status="PASS" starttime="20210226 11:15:45.841" endtime="20210226 11:15:45.845" critical="yes"></status>
</test>
<status status="PASS" starttime="20210226 11:15:44.147" endtime="20210226 11:15:45.846"></status>
</suite>
<suite id="s1-s2" name="Huy" source="D:\aacc\test_suites\oanh\huy.robot">
<test id="s1-s2-t1" name="Test 1">
<kw name="Log To Console" library="BuiltIn">
<doc>Logs the given message to the console.</doc>
<arguments>
<arg>Hello</arg>
</arguments>
<status status="PASS" starttime="20210226 11:15:46.134" endtime="20210226 11:15:46.135"></status>
</kw>
<kw name="Log To Console" library="BuiltIn">
<doc>Logs the given message to the console.</doc>
<arguments>
<arg>Hi</arg>
</arguments>
<status status="PASS" starttime="20210226 11:15:46.135" endtime="20210226 11:15:46.136"></status>
</kw>
<status status="PASS" starttime="20210226 11:15:46.133" endtime="20210226 11:15:46.136" critical="yes"></status>
</test>
<status status="PASS" starttime="20210226 11:15:45.849" endtime="20210226 11:15:46.137"></status>
</suite>
<status status="PASS" starttime="20210226 11:15:44.090" endtime="20210226 11:15:46.140"></status>
</suite>
<statistics>
<total>
<stat pass="2" fail="0">Critical Tests</stat>
<stat pass="2" fail="0">All Tests</stat>
</total>
<tag>
</tag>
<suite>
<stat pass="2" fail="0" id="s1" name="Huy &amp; Huy">Huy &amp; Huy</stat>
<stat pass="1" fail="0" id="s1-s1" name="Huy">Huy &amp; Huy.Huy</stat>
<stat pass="1" fail="0" id="s1-s2" name="Huy">Huy &amp; Huy.Huy</stat>
</suite>
</statistics>
<errors>
</errors>
</robot>
